mode: atomic
github.com/harmonikit/harmoni/auth/auth.go:31.76,32.78 1 3
github.com/harmonikit/harmoni/auth/auth.go:32.78,33.59 1 3
github.com/harmonikit/harmoni/auth/auth.go:33.59,35.18 2 3
github.com/harmonikit/harmoni/auth/auth.go:35.18,38.5 2 1
github.com/harmonikit/harmoni/auth/auth.go:39.4,39.29 1 2
github.com/harmonikit/harmoni/auth/context.go:8.61,10.2 1 5
github.com/harmonikit/harmoni/auth/context.go:14.47,16.14 2 7
github.com/harmonikit/harmoni/auth/context.go:16.14,18.3 1 2
github.com/harmonikit/harmoni/auth/context.go:19.2,19.16 1 5
github.com/harmonikit/harmoni/auth/context.go:23.53,25.2 1 1
github.com/harmonikit/harmoni/circuitbreaker/circuitbreaker.go:32.32,33.11 1 5
github.com/harmonikit/harmoni/circuitbreaker/circuitbreaker.go:34.19,35.18 1 2
github.com/harmonikit/harmoni/circuitbreaker/circuitbreaker.go:36.21,37.21 1 1
github.com/harmonikit/harmoni/circuitbreaker/circuitbreaker.go:38.17,39.16 1 1
github.com/harmonikit/harmoni/circuitbreaker/circuitbreaker.go:40.10,41.19 1 1
github.com/harmonikit/harmoni/circuitbreaker/nop.go:14.74,16.2 1 5
github.com/harmonikit/harmoni/circuitbreaker/nop.go:23.17,25.2 1 3
github.com/harmonikit/harmoni/circuitbreaker/nop.go:28.55,30.2 1 2
github.com/harmonikit/harmoni/endpoint/endpoint.go:18.109,19.60 1 4
github.com/harmonikit/harmoni/endpoint/endpoint.go:19.60,22.39 2 4
github.com/harmonikit/harmoni/endpoint/endpoint.go:22.39,24.4 1 3
github.com/harmonikit/harmoni/endpoint/endpoint.go:25.3,25.24 1 4
github.com/harmonikit/harmoni/endpoint/endpoint.go:31.47,32.54 1 5
github.com/harmonikit/harmoni/endpoint/endpoint.go:32.54,35.3 2 5
github.com/harmonikit/harmoni/metrics/nop.go:7.30,7.54 1 6
github.com/harmonikit/harmoni/metrics/nop.go:9.48,9.60 1 5
github.com/harmonikit/harmoni/metrics/nop.go:10.49,10.50 0 107
github.com/harmonikit/harmoni/metrics/nop.go:16.26,16.48 1 6
github.com/harmonikit/harmoni/metrics/nop.go:18.44,18.56 1 1
github.com/harmonikit/harmoni/metrics/nop.go:19.45,19.46 0 105
github.com/harmonikit/harmoni/metrics/nop.go:20.45,20.46 0 4
github.com/harmonikit/harmoni/metrics/nop.go:26.34,26.60 1 5
github.com/harmonikit/harmoni/metrics/nop.go:28.52,28.64 1 3
github.com/harmonikit/harmoni/metrics/nop.go:29.53,29.54 0 107
github.com/harmonikit/harmoni/middleware/middleware.go:25.77,26.78 1 5
github.com/harmonikit/harmoni/middleware/middleware.go:26.78,27.59 1 5
github.com/harmonikit/harmoni/middleware/middleware.go:27.59,29.36 1 5
github.com/harmonikit/harmoni/middleware/middleware.go:29.36,32.5 2 1
github.com/harmonikit/harmoni/middleware/middleware.go:33.4,35.25 3 4
github.com/harmonikit/harmoni/middleware/middleware.go:46.113,47.78 1 8
github.com/harmonikit/harmoni/middleware/middleware.go:47.78,48.68 1 8
github.com/harmonikit/harmoni/middleware/middleware.go:48.68,49.53 1 8
github.com/harmonikit/harmoni/middleware/middleware.go:49.53,50.25 1 16
github.com/harmonikit/harmoni/middleware/middleware.go:50.25,52.6 1 0
github.com/harmonikit/harmoni/middleware/middleware.go:54.5,55.19 2 16
github.com/harmonikit/harmoni/middleware/middleware.go:55.19,57.6 1 4
github.com/harmonikit/harmoni/middleware/middleware.go:59.5,59.27 1 12
github.com/harmonikit/harmoni/middleware/middleware.go:59.27,60.57 1 10
github.com/harmonikit/harmoni/middleware/middleware.go:60.57,62.7 1 1
github.com/harmonikit/harmoni/middleware/middleware.go:65.4,65.20 1 3
github.com/harmonikit/harmoni/middleware/middleware.go:73.63,74.78 1 7
github.com/harmonikit/harmoni/middleware/middleware.go:74.78,75.68 1 7
github.com/harmonikit/harmoni/middleware/middleware.go:75.68,76.17 1 7
github.com/harmonikit/harmoni/middleware/middleware.go:76.17,77.33 1 7
github.com/harmonikit/harmoni/middleware/middleware.go:77.33,80.6 2 5
github.com/harmonikit/harmoni/middleware/middleware.go:82.4,82.25 1 7
github.com/harmonikit/harmoni/middleware/middleware.go:89.22,92.2 2 5
github.com/harmonikit/harmoni/middleware/middleware.go:96.56,97.12 1 10
github.com/harmonikit/harmoni/middleware/middleware.go:97.12,99.3 1 2
github.com/harmonikit/harmoni/middleware/middleware.go:100.2,100.9 1 8
github.com/harmonikit/harmoni/middleware/middleware.go:101.20,102.19 1 1
github.com/harmonikit/harmoni/middleware/middleware.go:103.23,104.13 1 7
github.com/harmonikit/harmoni/log/log.go:25.32,26.11 1 5
github.com/harmonikit/harmoni/log/log.go:27.18,28.17 1 1
github.com/harmonikit/harmoni/log/log.go:29.17,30.16 1 1
github.com/harmonikit/harmoni/log/log.go:31.17,32.16 1 1
github.com/harmonikit/harmoni/log/log.go:33.18,34.17 1 1
github.com/harmonikit/harmoni/log/log.go:35.10,36.19 1 1
github.com/harmonikit/harmoni/log/nop_logger.go:7.28,9.2 1 4
github.com/harmonikit/harmoni/log/nop_logger.go:12.55,12.56 0 9
github.com/harmonikit/harmoni/log/nop_logger.go:15.43,17.2 1 4
github.com/harmonikit/harmoni/log/slog_logger.go:20.53,22.2 1 12
github.com/harmonikit/harmoni/log/slog_logger.go:25.73,27.2 1 11
github.com/harmonikit/harmoni/log/slog_logger.go:30.56,32.2 1 5
github.com/harmonikit/harmoni/log/slog_logger.go:35.38,36.11 1 11
github.com/harmonikit/harmoni/log/slog_logger.go:37.18,38.25 1 1
github.com/harmonikit/harmoni/log/slog_logger.go:39.17,40.24 1 7
github.com/harmonikit/harmoni/log/slog_logger.go:41.17,42.24 1 1
github.com/harmonikit/harmoni/log/slog_logger.go:43.18,44.25 1 1
github.com/harmonikit/harmoni/log/slog_logger.go:45.10,46.24 1 1
github.com/harmonikit/harmoni/ratelimit/tokenbucket.go:21.63,29.2 1 9
github.com/harmonikit/harmoni/ratelimit/tokenbucket.go:33.37,43.26 7 141
github.com/harmonikit/harmoni/ratelimit/tokenbucket.go:43.26,45.3 1 18
github.com/harmonikit/harmoni/ratelimit/tokenbucket.go:47.2,47.20 1 141
github.com/harmonikit/harmoni/ratelimit/tokenbucket.go:47.20,50.3 2 136
github.com/harmonikit/harmoni/ratelimit/tokenbucket.go:51.2,51.14 1 5
github.com/harmonikit/harmoni/sd/fixed.go:12.61,14.2 1 9
github.com/harmonikit/harmoni/sd/fixed.go:17.72,21.2 3 7
github.com/harmonikit/harmoni/sd/fixed.go:24.54,26.2 1 1
github.com/harmonikit/harmoni/sd/fixed.go:29.56,31.2 1 2
github.com/harmonikit/harmoni/tracing/nop.go:9.23,9.24 0 2
github.com/harmonikit/harmoni/tracing/nop.go:12.41,12.42 0 2
github.com/harmonikit/harmoni/tracing/nop.go:18.58,20.2 1 6
github.com/harmonikit/harmoni/tracing/nop.go:23.100,25.2 1 5
github.com/harmonikit/harmoni/tracing/nop.go:28.81,28.82 0 5
